17:19:07 **** Incremental Build of configuration CudaGCC_parallel for project Cuda_Image ****
cbicc cuda jall 

--------------------------------------------------------
[Runtime] : gcc x86
--------------------------------------------------------


[cuda]        : /usr/local

[jni]         : /usr/lib/jvm

[X11]         : /usr/include/X11

[MKL]         : /opt/intel/mkl

[boost]       : /opt/api/ext/boost

[opencv]      : /opt/api/ext/opencv

[cpptest]     : /opt/api/ext/cpptest

[gphoto2]     : /opt/api/ext/gphoto2

[urg]         : /opt/api/ext/urg

[wic]         : /opt/api/ext/wic 

[pleora]      : /opt/api/ext/pleora

[Runtime] : BILAT_INFOGRAPHIE           /opt/api/cbi/infographie

     BILAT_TOOLS_JST_HOME             = /opt/api/cbi/infographie/tools
     BILAT_OPENGL_HOME                = /opt/api/cbi/infographie/opengl
     BILAT_FENETRAGE_HOME             = /opt/api/cbi/infographie/fenetrage
     BILAT_IMAGE_HOME                 = /opt/api/cbi/infographie/image
     BILAT_SURFACE_HOME               = /opt/api/cbi/infographie/surface

[Runtime] : BILAT_TOOLS                 /opt/api/cbi/tools

     BILAT_TOOLS_CPP_HOME             = /opt/api/cbi/tools/bilat_tools_cpp
     BILAT_TOOLS_OMP_HOME             = /opt/api/cbi/tools/bilat_tools_omp
     BILAT_TOOLS_CUDA_HOME            = /opt/api/cbi/tools/bilat_tools_cuda
     BILAT_TOOLS_MKL_HOME             = /opt/api/cbi/tools/bilat_tools_mkl
     BILAT_TOOLS_OPENCV_HOME          = /opt/api/cbi/tools/bilat_tools_opencv
     BILAT_TOOLS_V4L_HOME             = /opt/api/cbi/tools/bilat_tools_v4l
     BILAT_TOOLS_CUDA_IMAGE_HOME      = /opt/api/cbi/tools/bilat_tools_cuda_image
     BILAT_TOOLS_CUDA_IMAGE_CV_HOME   = /opt/api/cbi/tools/bilat_tools_cuda_image_cv
     BILAT_TOOLS_IMAGE_HOME           = /opt/api/cbi/tools/bilat_tools_image
     BILAT_TOOLS_IMAGE_CVHOME         = /opt/api/cbi/tools/bilat_tools_image_cv

[Runtime] : BILAT_CAPTEUR               /opt/api/cbi/capteur

     BILAT_GPHOTO2_HOME               = /opt/api/cbi/capteur/bilat_gphoto2
     BILAT_LASER_HOME                 = /opt/api/cbi/capteur/bilat_laser
     BILAT_LIDAR_HOME                 = /opt/api/cbi/capteur/bilat_lidar
     BILAT_TAU2_HOME                  = /opt/api/cbi/capteur/bilat_tau2

--------------------------------------------------------
[Runtime] : gcc x86 : Ready!
--------------------------------------------------------


g++ (Ubuntu 4.8.4-2ubuntu1~14.04.3) 4.8.4
Copyright (C) 2013 Free Software Foundation, Inc.
This is free software; see the source for copying conditions.  There is NO
warranty; not even for MERCHANTABILITY or FITNESS FOR A PARTICULAR PURPOSE.


nvcc: NVIDIA (R) Cuda compiler driver
Copyright (c) 2005-2016 NVIDIA Corporation
Built on Wed_May__4_21:01:56_CDT_2016
Cuda compilation tools, release 8.0, V8.0.26


[CUDA GCC] : jall


==================================================================================
[CBI] -> Target Name  : Cuda_Image_cuda_80_x86_64
[CBI] ->
[CBI] -> Build        : /tmp/ramdrive/bilat/Targets/Cuda_Image/bin/Cuda_Image_cuda_80_x86_64.run
[CBI] -> Deploy       : ../RELEASE/bin
[CBI] ->
[CBI] -> Type	      : EXE
[CBI] -> Arch	      : x86_64
[CBI] -> OS	 		  : Linux
[CBI] -> User	 	  : bilat
[CBI] ->
[CBI] -> Task		  : Compiling-Linking !
==================================================================================

[CBI] -> SRC AUX (Recursif) :
[CBI] ->

[CBI] -> CXXFLAGS (Partial) :
[CBI] ->
[CBI] ->              : -fopenmp
[CBI] ->              : -std=c++11
[CBI] ->              : -O3
[CBI] ->              : -frerun-loop-opt
[CBI] ->              : -fomit-frame-pointer

[CBI] -> CXXLDFLAGS (Partial) :
[CBI] ->

[CBI] -> NVCCFLAGS (Partial) :
[CBI] ->
[CBI] ->              : --fmad=true
[CBI] ->              : -arch=sm_20
[CBI] ->              : -m64
[CBI] ->              : -std=c++11
[CBI] ->              : -use_fast_math

[CBI] -> NVCCLDFLAGS (Partial) :
[CBI] ->
[CBI] ->              : -arch=sm_20

[CBI] -> INC_PATH (auto detect):
[CBI] ->              : src/cpp/core/01_rippling/moo/device/math/
[CBI] ->              : src/cpp/core/01_rippling/moo/host/
[CBI] ->              : src/cpp/core/01_rippling/provider/
[CBI] ->              : src/cpp/core/03_mandelbrot/device/math/
[CBI] ->              : src/cpp/core/03_mandelbrot/host/
[CBI] ->              : src/cpp/core/03_mandelbrot/provider/
[CBI] ->              : src/cpp/core/04_raytracing/moo/device/math/
[CBI] ->              : src/cpp/core/04_raytracing/moo/host/
[CBI] ->              : src/cpp/core/04_raytracing/provider/
[CBI] ->              : src/cpp/core/06_convolution/moo/device/
[CBI] ->              : src/cpp/core/06_convolution/moo/device/kernel/
[CBI] ->              : src/cpp/core/06_convolution/moo/device/math/
[CBI] ->              : src/cpp/core/06_convolution/moo/host/
[CBI] ->              : src/cpp/core/06_convolution/provider/


[CBI] -> LIB_PATH (auto detect):

[CBI] -> LIB_PATH (auto detect):

[CBI] -> API_INC :
[CBI] ->              : /opt/api/cbi/infographie/fenetrage/206/Bilat_Fenetrage_Displayable/INC
[CBI] ->              : /opt/api/cbi/infographie/fenetrage/206/Bilat_Fenetrage_Displayable/INC/primitives
[CBI] ->              : /opt/api/cbi/infographie/fenetrage/206/Bilat_Fenetrage_Displayable_GL/INC
[CBI] ->              : /opt/api/cbi/infographie/fenetrage/206/Bilat_Fenetrage_Displayable_GL/INC/primitives
[CBI] ->              : /opt/api/cbi/infographie/fenetrage/206/Bilat_Fenetrage_FreeGlut_Tools/INC
[CBI] ->              : /opt/api/cbi/infographie/image/206/Bilat_Image_FreeGlut/INC
[CBI] ->              : /opt/api/cbi/infographie/image/206/Bilat_Image_FreeGlut/INC/common
[CBI] ->              : /opt/api/cbi/infographie/image/206/Bilat_Image_FreeGlut/INC/cpu
[CBI] ->              : /opt/api/cbi/infographie/image/206/Bilat_Image_FreeGlut_Cuda/INC
[CBI] ->              : /opt/api/cbi/infographie/image/206/Bilat_Image_GL/INC
[CBI] ->              : /opt/api/cbi/infographie/image/206/Bilat_Image_GL/INC/common
[CBI] ->              : /opt/api/cbi/infographie/image/206/Bilat_Image_GL/INC/cpu
[CBI] ->              : /opt/api/cbi/infographie/image/206/Bilat_Image_GL_Cuda/INC
[CBI] ->              : /opt/api/cbi/infographie/image/206/Bilat_Image_GL_Cuda/INC/gpu
[CBI] ->              : /opt/api/cbi/infographie/opengl/206/Bilat_OpenGL_Tools/INC
[CBI] ->              : /opt/api/cbi/infographie/tools/206/Bilat_tools_dll/INC
[CBI] ->              : /opt/api/cbi/tools/bilat_tools_cpp/002/INC
[CBI] ->              : /opt/api/cbi/tools/bilat_tools_cpp/002/INC/namespace_cpu
[CBI] ->              : /opt/api/cbi/tools/bilat_tools_cuda/002/INC
[CBI] ->              : /opt/api/cbi/tools/bilat_tools_cuda/002/INC/cudatools
[CBI] ->              : /opt/api/cbi/tools/bilat_tools_cuda/002/INC/cudatools/header
[CBI] ->              : /opt/api/cbi/tools/bilat_tools_cuda/002/INC/cudatools/header/both
[CBI] ->              : /opt/api/cbi/tools/bilat_tools_cuda/002/INC/cudatools/header/device
[CBI] ->              : /opt/api/cbi/tools/bilat_tools_cuda/002/INC/cudatools/header/device/curand
[CBI] ->              : /opt/api/cbi/tools/bilat_tools_cuda/002/INC/cudatools/header/device/reduction
[CBI] ->              : /opt/api/cbi/tools/bilat_tools_cuda/002/INC/cudatools/header/device/synchronisation
[CBI] ->              : /opt/api/cbi/tools/bilat_tools_cuda/002/INC/cudatools/header/host
[CBI] ->              : /opt/api/cbi/tools/bilat_tools_cuda/002/INC/cudatools/header/mixte
[CBI] ->              : /opt/api/cbi/tools/bilat_tools_cuda/002/INC/cudatools/nvidia
[CBI] ->              : /opt/api/cbi/tools/bilat_tools_cuda_image/002/INC
[CBI] ->              : /opt/api/cbi/tools/bilat_tools_cuda_image/002/INC/imp
[CBI] ->              : /opt/api/cbi/tools/bilat_tools_cuda_image/002/INC/imp/01_api_animateur
[CBI] ->              : /opt/api/cbi/tools/bilat_tools_cuda_image/002/INC/imp/02_api_force_brute
[CBI] ->              : /opt/api/cbi/tools/bilat_tools_cuda_image/002/INC/imp/02_api_force_brute/maillage
[CBI] ->              : /opt/api/cbi/tools/bilat_tools_cuda_image/002/INC/imp/03_api_barivox
[CBI] ->              : /opt/api/cbi/tools/bilat_tools_cuda_image/002/INC/imp/api_image_link
[CBI] ->              : /opt/api/cbi/tools/bilat_tools_cuda_image/002/INC/imp/api_viewer
[CBI] ->              : /opt/api/cbi/tools/bilat_tools_cuda_image/002/INC/spec
[CBI] ->              : /opt/api/cbi/tools/bilat_tools_cuda_image_cv/002/INC
[CBI] ->              : /opt/api/cbi/tools/bilat_tools_omp/002/INC
[CBI] ->              : /opt/api/cbi/tools/bilat_tools_omp/002/INC/OMP_Tools
[CBI] ->              : /opt/api/cbi/tools/bilat_tools_omp/002/INC/OMP_Tools/header
[CBI] ->              : /opt/api/cbi/tools/bilat_tools_opencv/002/INC
[CBI] ->              : /opt/api/cbi/tools/bilat_tools_opencv/002/INC/capture
[CBI] ->              : /opt/api/cbi/tools/bilat_tools_opencv/002/INC/capture/video
[CBI] ->              : /opt/api/cbi/tools/bilat_tools_opencv/002/INC/capture/webcam
[CBI] ->              : /opt/api/cbi/tools/bilat_tools_opencv/002/INC/show
[CBI] ->              : /opt/api/cbi/tools/bilat_tools_opencv/002/INC/show/shapeOverlay
[CBI] ->              : /opt/api/cbi/tools/bilat_tools_opencv/002/INC/show/shapeOverlay/appearance
[CBI] ->              : /opt/api/cbi/tools/bilat_tools_opencv/002/INC/show/shapeOverlay/drawer
[CBI] ->              : /opt/api/cbi/tools/bilat_tools_opencv/002/INC/show/shapeOverlay/shape
[CBI] ->              : /opt/api/cbi/tools/bilat_tools_opencv/002/INC/show/view
[CBI] ->              : /opt/api/cbi/tools/bilat_tools_opencv/002/INC/show/view/viewer
[CBI] ->              : /opt/api/cbi/tools/bilat_tools_opencv/002/INC/show/view/viewerMat
[CBI] ->              : /opt/api/cbi/tools/bilat_tools_opencv/002/INC/tools
[CBI] ->              : /opt/api/ext/opencv/310/include
[CBI] ->              : /opt/api/ext/opencv/310/include/opencv
[CBI] ->              : /opt/api/ext/opencv/310/include/opencv2
[CBI] ->              : /opt/api/ext/opencv/310/include/opencv2/calib3d
[CBI] ->              : /opt/api/ext/opencv/310/include/opencv2/core
[CBI] ->              : /opt/api/ext/opencv/310/include/opencv2/core/cuda
[CBI] ->              : /opt/api/ext/opencv/310/include/opencv2/core/cuda/detail
[CBI] ->              : /opt/api/ext/opencv/310/include/opencv2/core/hal
[CBI] ->              : /opt/api/ext/opencv/310/include/opencv2/features2d
[CBI] ->              : /opt/api/ext/opencv/310/include/opencv2/flann
[CBI] ->              : /opt/api/ext/opencv/310/include/opencv2/highgui
[CBI] ->              : /opt/api/ext/opencv/310/include/opencv2/imgcodecs
[CBI] ->              : /opt/api/ext/opencv/310/include/opencv2/imgproc
[CBI] ->              : /opt/api/ext/opencv/310/include/opencv2/imgproc/detail
[CBI] ->              : /opt/api/ext/opencv/310/include/opencv2/ml
[CBI] ->              : /opt/api/ext/opencv/310/include/opencv2/objdetect
[CBI] ->              : /opt/api/ext/opencv/310/include/opencv2/photo
[CBI] ->              : /opt/api/ext/opencv/310/include/opencv2/shape
[CBI] ->              : /opt/api/ext/opencv/310/include/opencv2/stitching
[CBI] ->              : /opt/api/ext/opencv/310/include/opencv2/stitching/detail
[CBI] ->              : /opt/api/ext/opencv/310/include/opencv2/superres
[CBI] ->              : /opt/api/ext/opencv/310/include/opencv2/video
[CBI] ->              : /opt/api/ext/opencv/310/include/opencv2/videoio
[CBI] ->              : /opt/api/ext/opencv/310/include/opencv2/videostab
[CBI] ->              : /usr/local/cuda-8.0/include
[CBI] ->              : /usr/local/cuda-8.0/include/CL
[CBI] ->              : /usr/local/cuda-8.0/include/crt

[CBI] -> API_BIN :
[CBI] ->              : /opt/api/cbi/infographie/fenetrage/206/Bilat_Fenetrage_Displayable/BIN/gcc
[CBI] ->              : /opt/api/cbi/infographie/fenetrage/206/Bilat_Fenetrage_Displayable_GL/BIN/gcc
[CBI] ->              : /opt/api/cbi/infographie/fenetrage/206/Bilat_Fenetrage_FreeGlut_Tools/BIN/gcc
[CBI] ->              : /opt/api/cbi/infographie/image/206/Bilat_Image_FreeGlut/BIN/gcc
[CBI] ->              : /opt/api/cbi/infographie/image/206/Bilat_Image_FreeGlut_Cuda/BIN/gcc
[CBI] ->              : /opt/api/cbi/infographie/image/206/Bilat_Image_GL/BIN/gcc
[CBI] ->              : /opt/api/cbi/infographie/image/206/Bilat_Image_GL_Cuda/BIN/gcc
[CBI] ->              : /opt/api/cbi/infographie/opengl/206/Bilat_OpenGL_Tools/BIN/gcc
[CBI] ->              : /opt/api/cbi/tools/bilat_tools_cpp/002/BIN/gcc
[CBI] ->              : /opt/api/cbi/tools/bilat_tools_cuda/002/BIN/gcc
[CBI] ->              : /opt/api/cbi/tools/bilat_tools_cuda_image/002/BIN/gcc
[CBI] ->              : /opt/api/cbi/tools/bilat_tools_cuda_image_cv/002/BIN/gcc
[CBI] ->              : /opt/api/cbi/tools/bilat_tools_omp/002/BIN/gcc
[CBI] ->              : /opt/api/cbi/tools/bilat_tools_opencv/002/BIN/gcc
[CBI] ->              : /opt/api/ext/opencv/310/lib
[CBI] ->              : /opt/api/ext/opencv/310/lib/pkgconfig
[CBI] ->              : /usr/local/cuda-8.0/lib64
[CBI] ->              : /usr/local/cuda-8.0/lib64/stubs

[CBI] -> API_LIBRARIES_STATIC :

[CBI] -> API_LIBRARIES :
[CBI] ->              : BilatTools_CPP_002_gcc_x86_64
[CBI] ->              : BilatTools_Cuda_002_cuda_80_x86_64
[CBI] ->              : BilatTools_Cuda_Image_002_cuda_80_x86_64
[CBI] ->              : BilatTools_Image_OpenCV_Cuda_002_cuda_80_x86_64
[CBI] ->              : BilatTools_OMP_002_gcc_x86_64
[CBI] ->              : BilatTools_OpenCV_002_gcc_x86_64
[CBI] ->              : Bilat_Fenetrage_Displayable_206_gcc_x86_64
[CBI] ->              : Bilat_Fenetrage_Displayable_GL_206_gcc_x86_64
[CBI] ->              : Bilat_Fenetrage_FreeGlut_Tools_206_gcc_x86_64
[CBI] ->              : Bilat_Image_FreeGlut_206_gcc_x86_64
[CBI] ->              : Bilat_Image_FreeGlut_Cuda_206_cuda_80_x86_64
[CBI] ->              : Bilat_Image_GL_206_gcc_x86_64
[CBI] ->              : Bilat_Image_GL_Cuda_206_cuda_80_x86_64
[CBI] ->              : Bilat_OpenGL_Tools_206_gcc_x86_64
[CBI] ->              : GL
[CBI] ->              : GLEW
[CBI] ->              : GLU
[CBI] ->              : OpenCL
[CBI] ->              : cublas
[CBI] ->              : cuda
[CBI] ->              : cudart
[CBI] ->              : cufft
[CBI] ->              : cufftw
[CBI] ->              : cuinj64
[CBI] ->              : curand
[CBI] ->              : cusolver
[CBI] ->              : cusparse
[CBI] ->              : glut
[CBI] ->              : nppc
[CBI] ->              : nppi
[CBI] ->              : nppial
[CBI] ->              : nppicc
[CBI] ->              : nppicom
[CBI] ->              : nppidei
[CBI] ->              : nppif
[CBI] ->              : nppig
[CBI] ->              : nppim
[CBI] ->              : nppist
[CBI] ->              : nppisu
[CBI] ->              : nppitc
[CBI] ->              : npps
[CBI] ->              : nvToolsExt
[CBI] ->              : nvblas
[CBI] ->              : nvgraph
[CBI] ->              : nvidia-ml
[CBI] ->              : nvrtc
[CBI] ->              : nvrtc-builtins
[CBI] ->              : opencv_calib3d_gcc484
[CBI] ->              : opencv_core_gcc484
[CBI] ->              : opencv_features2d_gcc484
[CBI] ->              : opencv_flann_gcc484
[CBI] ->              : opencv_highgui_gcc484
[CBI] ->              : opencv_imgcodecs_gcc484
[CBI] ->              : opencv_imgproc_gcc484
[CBI] ->              : opencv_ml_gcc484
[CBI] ->              : opencv_objdetect_gcc484
[CBI] ->              : opencv_photo_gcc484
[CBI] ->              : opencv_shape_gcc484
[CBI] ->              : opencv_stitching_gcc484
[CBI] ->              : opencv_superres_gcc484
[CBI] ->              : opencv_video_gcc484
[CBI] ->              : opencv_videoio_gcc484
[CBI] ->              : opencv_videostab_gcc484

[CBI] -> Create folder : /tmp/ramdrive/bilat/Targets/Cuda_Image/bin
[CBI] -> Create folder : /tmp/ramdrive/bilat/Targets/Cuda_Image/obj
[CBI] -> Create folder : /tmp/ramdrive/bilat/Targets/Cuda_Image/cubin

[CBI] -> Compilation parallel (32 threads)

[Cuda_Image_cuda_80_x86_64] -> g++ARM compiling .cpp : src/cpp/main.cpp
[Cuda_Image_cuda_80_x86_64] -> g++ARM compiling .cpp : src/cpp/core/mainAnimable.cpp
[Cuda_Image_cuda_80_x86_64] -> g++ARM compiling .cpp : src/cpp/core/mainBarivox.cpp
[Cuda_Image_cuda_80_x86_64] -> g++ARM compiling .cpp : src/cpp/core/mainBruteForce.cpp
[Cuda_Image_cuda_80_x86_64] -> g++ARM compiling .cpp : src/cpp/core/mainImage.cpp
[Cuda_Image_cuda_80_x86_64] -> g++ARM compiling .cpp : src/cpp/core/04_raytracing/provider/RaytracingProvider.cpp
[Cuda_Image_cuda_80_x86_64] -> g++ARM compiling .cpp : src/cpp/core/03_mandelbrot/provider/MandelbrotProvider.cpp
[Cuda_Image_cuda_80_x86_64] -> g++ARM compiling .cpp : src/cpp/core/01_rippling/provider/RipplingProvider.cpp
[Cuda_Image_cuda_80_x86_64] -> g++ARM compiling .cpp : src/cpp/core/06_convolution/provider/ConvolutionProvider.cpp
[Cuda_Image_cuda_80_x86_64] -> g++ARM compiling .cpp : src/cpp/core/06_convolution/moo/host/Convolution.cpp
[Cuda_Image_cuda_80_x86_64] -> nvcc compiling .cu : src/cpp/core/04_raytracing/moo/device/raytracingDevice.cu
[Cuda_Image_cuda_80_x86_64] -> nvcc compiling .cu : src/cpp/core/04_raytracing/moo/host/Raytracing.cu
[Cuda_Image_cuda_80_x86_64] -> nvcc compiling .cu : src/cpp/core/03_mandelbrot/device/mandelbrotDevice.cu
[Cuda_Image_cuda_80_x86_64] -> nvcc compiling .cu : src/cpp/core/03_mandelbrot/host/Mandelbrot.cu
[Cuda_Image_cuda_80_x86_64] -> nvcc compiling .cu : src/cpp/core/01_rippling/moo/device/ripplingDevice.cu
[Cuda_Image_cuda_80_x86_64] -> nvcc compiling .cu : src/cpp/core/01_rippling/moo/host/Rippling.cu
[Cuda_Image_cuda_80_x86_64] -> nvcc compiling .cu : src/cpp/core/06_convolution/moo/host/launcherKernel.cu

[CBI] -> Linking to   : /tmp/ramdrive/bilat/Targets/Cuda_Image/bin/Cuda_Image_cuda_80_x86_64.run

[CBI] -> Library Link :
[CBI] ->
[CBI] ->              : -lBilatTools_CPP_002_gcc_x86_64
[CBI] ->              : -lBilatTools_Cuda_002_cuda_80_x86_64
[CBI] ->              : -lBilatTools_Cuda_Image_002_cuda_80_x86_64
[CBI] ->              : -lBilatTools_Image_OpenCV_Cuda_002_cuda_80_x86_64
[CBI] ->              : -lBilatTools_OMP_002_gcc_x86_64
[CBI] ->              : -lBilatTools_OpenCV_002_gcc_x86_64
[CBI] ->              : -lBilat_Fenetrage_Displayable_206_gcc_x86_64
[CBI] ->              : -lBilat_Fenetrage_Displayable_GL_206_gcc_x86_64
[CBI] ->              : -lBilat_Fenetrage_FreeGlut_Tools_206_gcc_x86_64
[CBI] ->              : -lBilat_Image_FreeGlut_206_gcc_x86_64
[CBI] ->              : -lBilat_Image_FreeGlut_Cuda_206_cuda_80_x86_64
[CBI] ->              : -lBilat_Image_GL_206_gcc_x86_64
[CBI] ->              : -lBilat_Image_GL_Cuda_206_cuda_80_x86_64
[CBI] ->              : -lBilat_OpenGL_Tools_206_gcc_x86_64
[CBI] ->              : -lGL
[CBI] ->              : -lGLEW
[CBI] ->              : -lGLU
[CBI] ->              : -lOpenCL
[CBI] ->              : -lcublas
[CBI] ->              : -lcuda
[CBI] ->              : -lcudart
[CBI] ->              : -lcufft
[CBI] ->              : -lcufftw
[CBI] ->              : -lcuinj64
[CBI] ->              : -lcurand
[CBI] ->              : -lcusolver
[CBI] ->              : -lcusparse
[CBI] ->              : -lglut
[CBI] ->              : -lgomp
[CBI] ->              : -lnppc
[CBI] ->              : -lnppi
[CBI] ->              : -lnppial
[CBI] ->              : -lnppicc
[CBI] ->              : -lnppicom
[CBI] ->              : -lnppidei
[CBI] ->              : -lnppif
[CBI] ->              : -lnppig
[CBI] ->              : -lnppim
[CBI] ->              : -lnppist
[CBI] ->              : -lnppisu
[CBI] ->              : -lnppitc
[CBI] ->              : -lnpps
[CBI] ->              : -lnvToolsExt
[CBI] ->              : -lnvblas
[CBI] ->              : -lnvgraph
[CBI] ->              : -lnvidia-ml
[CBI] ->              : -lnvrtc
[CBI] ->              : -lnvrtc-builtins
[CBI] ->              : -lopencv_calib3d_gcc484
[CBI] ->              : -lopencv_core_gcc484
[CBI] ->              : -lopencv_features2d_gcc484
[CBI] ->              : -lopencv_flann_gcc484
[CBI] ->              : -lopencv_highgui_gcc484
[CBI] ->              : -lopencv_imgcodecs_gcc484
[CBI] ->              : -lopencv_imgproc_gcc484
[CBI] ->              : -lopencv_ml_gcc484
[CBI] ->              : -lopencv_objdetect_gcc484
[CBI] ->              : -lopencv_photo_gcc484
[CBI] ->              : -lopencv_shape_gcc484
[CBI] ->              : -lopencv_stitching_gcc484
[CBI] ->              : -lopencv_superres_gcc484
[CBI] ->              : -lopencv_video_gcc484
[CBI] ->              : -lopencv_videoio_gcc484
[CBI] ->              : -lopencv_videostab_gcc484


==================================================================================
[CBI] -> Target Name  : Cuda_Image_cuda_80_x86_64
[CBI] -> Location     : /tmp/ramdrive/bilat/Targets/Cuda_Image/bin/Cuda_Image_cuda_80_x86_64.run
[CBI] -> Deploy 	  : ../RELEASE/bin
[CBI] ->
[CBI] -> Type	 	  : EXE
[CBI] -> Arch	 	  : x86_64
[CBI] -> OS	 	      : Linux
[CBI] -> User	 	  : bilat
[CBI] ->
[CBI] -> Compilateur  : g++ && nvcc
[CBI] -> Task		  : End Compiling-Linking !
[CBI] -> Time		  : 3 (s)
==================================================================================


[CBI] -> Deploying      : ../RELEASE/bin/Cuda_Image_cuda_80_x86_64.run

[CBI] -> Symlink Project Inc
[CBI] -> To update code completion : ctrl-shift-s   or   gui/index/rebuild



[CBI] -> Cuda_Image_cuda_80_x86_64 : End ALL!


17:19:10 Build Finished (took 2s.883ms)

