16:49:30 **** Build of configuration IntelLinux_parallel for project Tuto_Graphe_JNI ****
cbicc intel jall 

--------------------------------------------------------
[Runtime] : intel x86
--------------------------------------------------------


[cuda]        : /usr/local

[jni]         : /usr/lib/jvm

[X11]         : /usr/include/X11

[MKL]         : /opt/intel/mkl
[Runtime] : Intel : /opt/intel

[boost]       : /opt/api/ext/boost

[opencv]      : /opt/api/ext/opencv

[cpptest]     : /opt/api/ext/cpptest

[gphoto2]     : /opt/api/ext/gphoto2

[urg]         : /opt/api/ext/urg

[wic]         : /opt/api/ext/wic 

[pleora]      : /opt/api/ext/pleora

[Runtime] : BILAT_INFOGRAPHIE           /opt/api/cbi/infographie

     BILAT_TOOLS_JST_HOME             = /opt/api/cbi/infographie/tools
     BILAT_OPENGL_HOME                = /opt/api/cbi/infographie/opengl
     BILAT_FENETRAGE_HOME             = /opt/api/cbi/infographie/fenetrage
     BILAT_IMAGE_HOME                 = /opt/api/cbi/infographie/image
     BILAT_SURFACE_HOME               = /opt/api/cbi/infographie/surface

[Runtime] : BILAT_TOOLS                 /opt/api/cbi/tools

     BILAT_TOOLS_CPP_HOME             = /opt/api/cbi/tools/bilat_tools_cpp
     BILAT_TOOLS_OMP_HOME             = /opt/api/cbi/tools/bilat_tools_omp
     BILAT_TOOLS_CUDA_HOME            = /opt/api/cbi/tools/bilat_tools_cuda
     BILAT_TOOLS_MKL_HOME             = /opt/api/cbi/tools/bilat_tools_mkl
     BILAT_TOOLS_OPENCV_HOME          = /opt/api/cbi/tools/bilat_tools_opencv
     BILAT_TOOLS_V4L_HOME             = /opt/api/cbi/tools/bilat_tools_v4l
     BILAT_TOOLS_CUDA_IMAGE_HOME      = /opt/api/cbi/tools/bilat_tools_cuda_image
     BILAT_TOOLS_CUDA_IMAGE_CV_HOME   = /opt/api/cbi/tools/bilat_tools_cuda_image_cv
     BILAT_TOOLS_IMAGE_HOME           = /opt/api/cbi/tools/bilat_tools_image
     BILAT_TOOLS_IMAGE_CVHOME         = /opt/api/cbi/tools/bilat_tools_image_cv

[Runtime] : BILAT_CAPTEUR               /opt/api/cbi/capteur

     BILAT_GPHOTO2_HOME               = /opt/api/cbi/capteur/bilat_gphoto2
     BILAT_LASER_HOME                 = /opt/api/cbi/capteur/bilat_laser
     BILAT_LIDAR_HOME                 = /opt/api/cbi/capteur/bilat_lidar
     BILAT_TAU2_HOME                  = /opt/api/cbi/capteur/bilat_tau2

--------------------------------------------------------
[Runtime] : intel x86 : Ready!
--------------------------------------------------------


[INTEL] : jall

icpc (ICC) 17.0.0 20160721
Copyright (C) 1985-2016 Intel Corporation.  All rights reserved.

==================================================================================
[CBI] -> Target Name  : Tuto_Graph_JNI_intel_x86_64
[CBI] ->
[CBI] -> Build     	  : /tmp/ramdrive/bilat/Targets/Tuto_Graph_JNI/bin/libTuto_Graph_JNI_intel_x86_64.so
[CBI] -> Deploy       : ../RELEASE/bin
[CBI] ->
[CBI] -> Type	 	  : SHARED_LIB
[CBI] -> Arch	 	  : x86_64
[CBI] -> OS	 		  : Linux
[CBI] -> User	 	  : bilat
[CBI] ->
[CBI] -> Task		  : Compiling-Linking
==================================================================================

[CBI] -> SRC AUX (Recursif) :
[CBI] ->

[CBI] -> CXXFLAGS (Partial) :
[CBI] ->
[CBI] ->              : -DCBI_GRAPH_DLL
[CBI] ->              : -O3
[CBI] ->              : -fPIC
[CBI] ->              : -fast
[CBI] ->              : -fvisibility=hidden
[CBI] ->              : -openmp
[CBI] ->              : -par-threshold100
[CBI] ->              : -parallel
[CBI] ->              : -std=c++11
[CBI] ->              : -w
[CBI] ->              : -xHost

[CBI] -> LDFLAGS (Partial) :
[CBI] ->
[CBI] ->              : -shared

[CBI] -> INC_PATH (auto detect):
[CBI] ->              : src/cpp/core/01_sinus/02_toScenario/
[CBI] ->              : src/cpp/core/01_sinus/03_Scenario/
[CBI] ->              : src/cpp/core/01_sinus/04_graphAPI/01_GraphSinus/
[CBI] ->              : src/cpp/core/01_sinus/04_graphAPI/02_CurveSin/

[CBI] -> LIB_PATH (auto detect):

[CBI] -> API_INC :
[CBI] ->              : /opt/api/cbi/infographie/fenetrage/206/Bilat_Fenetrage_Canvas_JNI/INC
[CBI] ->              : /opt/api/cbi/infographie/fenetrage/206/Bilat_Fenetrage_Canvas_JNI/INC/private
[CBI] ->              : /opt/api/cbi/infographie/fenetrage/206/Bilat_Fenetrage_Displayable/INC
[CBI] ->              : /opt/api/cbi/infographie/fenetrage/206/Bilat_Fenetrage_Displayable/INC/primitives
[CBI] ->              : /opt/api/cbi/infographie/graph2d/206/Bilat_Graph2D_GL/INC
[CBI] ->              : /opt/api/cbi/infographie/graph2d/206/Bilat_Graph2D_GL/INC/model
[CBI] ->              : /opt/api/cbi/infographie/graph2d/206/Bilat_Graph2D_GL/INC/view
[CBI] ->              : /opt/api/cbi/infographie/opengl/206/Bilat_OpenGL_Tools/INC
[CBI] ->              : /opt/api/cbi/infographie/tools/206/Bilat_tools_dll/INC
[CBI] ->              : /opt/api/cbi/tools/bilat_tools_cpp/002/INC
[CBI] ->              : /opt/api/cbi/tools/bilat_tools_cpp/002/INC/namespace_cpu
[CBI] ->              : /usr/lib/jvm/java-8-oracle/include
[CBI] ->              : /usr/lib/jvm/java-8-oracle/include/linux

[CBI] -> API_BIN :
[CBI] ->              : /opt/api/cbi/infographie/fenetrage/206/Bilat_Fenetrage_Canvas_JNI/BIN/intel
[CBI] ->              : /opt/api/cbi/infographie/fenetrage/206/Bilat_Fenetrage_Displayable/BIN/intel
[CBI] ->              : /opt/api/cbi/infographie/graph2d/206/Bilat_Graph2D_GL/BIN/intel
[CBI] ->              : /opt/api/cbi/infographie/opengl/206/Bilat_OpenGL_Tools/BIN/intel
[CBI] ->              : /opt/api/cbi/tools/bilat_tools_cpp/002/BIN/intel
[CBI] ->              : /usr/lib/jvm/java-8-oracle/jre/lib/amd64
[CBI] ->              : /usr/lib/jvm/java-8-oracle/jre/lib/amd64/jli
[CBI] ->              : /usr/lib/jvm/java-8-oracle/jre/lib/amd64/server

[CBI] -> API_LIBRARIES_STATIC :

[CBI] -> API_LIBRARIES :
[CBI] ->              : BilatTools_CPP_002_intel_x86_64
[CBI] ->              : Bilat_Fenetrage_Canvas_JNI_206_intel_x86_64
[CBI] ->              : Bilat_Fenetrage_Displayable_206_intel_x86_64
[CBI] ->              : Bilat_Graph2D_GL_206_intel_x86_64
[CBI] ->              : Bilat_OpenGL_Tools_206_intel_x86_64
[CBI] ->              : GL
[CBI] ->              : GLEW
[CBI] ->              : GLU
[CBI] ->              : attach
[CBI] ->              : avplugin-53
[CBI] ->              : avplugin-54
[CBI] ->              : awt
[CBI] ->              : awt_headless
[CBI] ->              : awt_xawt
[CBI] ->              : bci
[CBI] ->              : dcpr
[CBI] ->              : decora_sse
[CBI] ->              : deploy
[CBI] ->              : dt_socket
[CBI] ->              : fontmanager
[CBI] ->              : fxplugins
[CBI] ->              : glass
[CBI] ->              : gstreamer-lite
[CBI] ->              : hprof
[CBI] ->              : instrument
[CBI] ->              : j2gss
[CBI] ->              : j2pcsc
[CBI] ->              : j2pkcs11
[CBI] ->              : jaas_unix
[CBI] ->              : java
[CBI] ->              : java_crw_demo
[CBI] ->              : javafx_font
[CBI] ->              : javafx_font_freetype
[CBI] ->              : javafx_font_pango
[CBI] ->              : javafx_font_t2k
[CBI] ->              : javafx_iio
[CBI] ->              : jawt
[CBI] ->              : jdwp
[CBI] ->              : jfr
[CBI] ->              : jfxmedia
[CBI] ->              : jfxwebkit
[CBI] ->              : jli
[CBI] ->              : jpeg
[CBI] ->              : jsdt
[CBI] ->              : jsig
[CBI] ->              : jsound
[CBI] ->              : jsoundalsa
[CBI] ->              : jvm
[CBI] ->              : kcms
[CBI] ->              : lcms
[CBI] ->              : management
[CBI] ->              : mlib_image
[CBI] ->              : net
[CBI] ->              : nio
[CBI] ->              : npjp2
[CBI] ->              : npt
[CBI] ->              : prism_common
[CBI] ->              : prism_es2
[CBI] ->              : prism_sw
[CBI] ->              : resource
[CBI] ->              : saproc
[CBI] ->              : sctp
[CBI] ->              : splashscreen
[CBI] ->              : sunec
[CBI] ->              : t2k
[CBI] ->              : unpack
[CBI] ->              : verify
[CBI] ->              : zip

[CBI] -> Create folder : /tmp/ramdrive/bilat/Targets/Tuto_Graph_JNI/bin
[CBI] -> Create folder : /tmp/ramdrive/bilat/Targets/Tuto_Graph_JNI/obj

[CBI] -> Compilation parallel (32 threads)

[Tuto_Graph_JNI_intel_x86_64] -> icc compiling .cpp : src/cpp/core/01_sinus/03_Scenario/SinusScenario.cpp
[Tuto_Graph_JNI_intel_x86_64] -> icc compiling .cpp : src/cpp/core/01_sinus/04_graphAPI/01_GraphSinus/GraphSinus.cpp
[Tuto_Graph_JNI_intel_x86_64] -> icc compiling .cpp : src/cpp/core/01_sinus/04_graphAPI/02_CurveSin/SinusCurve.cpp
[Tuto_Graph_JNI_intel_x86_64] -> icc compiling .cpp : src/cpp/core/01_sinus/01_JNI/sinus_jni.cpp
[Tuto_Graph_JNI_intel_x86_64] -> icc compiling .cpp : src/cpp/core/01_sinus/02_toScenario/sinus.cpp

[Tuto_Graph_JNI_intel_x86_64] -> Linking to   : /tmp/ramdrive/bilat/Targets/Tuto_Graph_JNI/bin/libTuto_Graph_JNI_intel_x86_64.so

[Tuto_Graph_JNI_intel_x86_64] -> Library Link :

[CBI] ->              : -lBilatTools_CPP_002_intel_x86_64
[CBI] ->              : -lBilat_Fenetrage_Canvas_JNI_206_intel_x86_64
[CBI] ->              : -lBilat_Fenetrage_Displayable_206_intel_x86_64
[CBI] ->              : -lBilat_Graph2D_GL_206_intel_x86_64
[CBI] ->              : -lBilat_OpenGL_Tools_206_intel_x86_64
[CBI] ->              : -lGL
[CBI] ->              : -lGLEW
[CBI] ->              : -lGLU
[CBI] ->              : -lattach
[CBI] ->              : -lavplugin-53
[CBI] ->              : -lavplugin-54
[CBI] ->              : -lawt
[CBI] ->              : -lawt_headless
[CBI] ->              : -lawt_xawt
[CBI] ->              : -lbci
[CBI] ->              : -ldcpr
[CBI] ->              : -ldecora_sse
[CBI] ->              : -ldeploy
[CBI] ->              : -ldt_socket
[CBI] ->              : -lfontmanager
[CBI] ->              : -lfxplugins
[CBI] ->              : -lglass
[CBI] ->              : -lgstreamer-lite
[CBI] ->              : -lhprof
[CBI] ->              : -linstrument
[CBI] ->              : -liomp5
[CBI] ->              : -lj2gss
[CBI] ->              : -lj2pcsc
[CBI] ->              : -lj2pkcs11
[CBI] ->              : -ljaas_unix
[CBI] ->              : -ljava
[CBI] ->              : -ljava_crw_demo
[CBI] ->              : -ljavafx_font
[CBI] ->              : -ljavafx_font_freetype
[CBI] ->              : -ljavafx_font_pango
[CBI] ->              : -ljavafx_font_t2k
[CBI] ->              : -ljavafx_iio
[CBI] ->              : -ljawt
[CBI] ->              : -ljdwp
[CBI] ->              : -ljfr
[CBI] ->              : -ljfxmedia
[CBI] ->              : -ljfxwebkit
[CBI] ->              : -ljli
[CBI] ->              : -ljpeg
[CBI] ->              : -ljsdt
[CBI] ->              : -ljsig
[CBI] ->              : -ljsound
[CBI] ->              : -ljsoundalsa
[CBI] ->              : -ljvm
[CBI] ->              : -lkcms
[CBI] ->              : -llcms
[CBI] ->              : -lmanagement
[CBI] ->              : -lmlib_image
[CBI] ->              : -lnet
[CBI] ->              : -lnio
[CBI] ->              : -lnpjp2
[CBI] ->              : -lnpt
[CBI] ->              : -lprism_common
[CBI] ->              : -lprism_es2
[CBI] ->              : -lprism_sw
[CBI] ->              : -lresource
[CBI] ->              : -lsaproc
[CBI] ->              : -lsctp
[CBI] ->              : -lsplashscreen
[CBI] ->              : -lsunec
[CBI] ->              : -lt2k
[CBI] ->              : -lunpack
[CBI] ->              : -lverify
[CBI] ->              : -lzip


==================================================================================
[CBI] -> Target Name  : Tuto_Graph_JNI_intel_x86_64
[CBI] -> Location     : /tmp/ramdrive/bilat/Targets/Tuto_Graph_JNI/bin/libTuto_Graph_JNI_intel_x86_64.so
[CBI] -> Deploy 	  : ../RELEASE/bin
[CBI] ->
[CBI] -> Type	 	  : SHARED_LIB
[CBI] -> Arch	 	  : x86_64
[CBI] -> OS	 		  : Linux
[CBI] -> User	 	  : bilat
[CBI] ->
[CBI] -> Compilateur  : icc
[CBI] -> Task	      : End Compiling-Linking !
[CBI] -> Time		  : 1 (s)
==================================================================================


[CBI] -> Symlink Project Inc
[CBI] -> To update code completion : ctrl-shift-s   or   gui/index/rebuild



[CBI] -> Deploying    : ../RELEASE/bin/libTuto_Graph_JNI_intel_x86_64.so

[CBI] -> Tuto_Graph_JNI_intel_x86_64 : End ALL!


16:49:32 Build Finished (took 1s.672ms)

