12:11:16 **** Incremental Build of configuration CudaGCC_parallel for project Tuto_Image_Cuda ****
cbicc cuda jall 

--------------------------------------------------------
[Runtime] : gcc x86
--------------------------------------------------------


[cuda]        : /usr/local

[jni]         : /usr/lib/jvm/java-8-oracle

[X11]         : /usr/include/X11

[MKL]         : /opt/intel/mkl

[boost]       : /opt/api/ext/boost

[opencv]      : /opt/api/ext/opencv

[cpptest]     : /opt/api/ext/cpptest

[gphoto2]     : /opt/api/ext/gphoto2

[urg]         : /opt/api/ext/urg

[wic]         : /opt/api/ext/wic 

[pleora]      : /opt/api/ext/pleora

[gps]         : /opt/api/ext/gps

[glm]      : /opt/api/ext/GLM

[Runtime] : BILAT_INFOGRAPHIE           /opt/api/cbi/infographie

     BILAT_TOOLS_JST_HOME             = /opt/api/cbi/infographie/tools
     BILAT_OPENGL_HOME                = /opt/api/cbi/infographie/opengl
     BILAT_FENETRAGE_HOME             = /opt/api/cbi/infographie/fenetrage
     BILAT_IMAGE_HOME                 = /opt/api/cbi/infographie/image
     BILAT_SCENE_3D_HOME              = /opt/api/cbi/infographie/scene3d

[Runtime] : BILAT_TOOLS                 /opt/api/cbi/tools

     BILAT_TOOLS_CPP_HOME             = /opt/api/cbi/tools/bilat_tools_cpp
     BILAT_TOOLS_OMP_HOME             = /opt/api/cbi/tools/bilat_tools_omp
     BILAT_TOOLS_CUDA_HOME            = /opt/api/cbi/tools/bilat_tools_cuda
     BILAT_TOOLS_MKL_HOME             = /opt/api/cbi/tools/bilat_tools_mkl
     BILAT_TOOLS_OPENCV_HOME          = /opt/api/cbi/tools/bilat_tools_opencv
     BILAT_TOOLS_V4L_HOME             = /opt/api/cbi/tools/bilat_tools_v4l
     BILAT_TOOLS_CUDA_IMAGE_HOME      = /opt/api/cbi/tools/bilat_tools_cuda_image
     BILAT_TOOLS_CUDA_IMAGE_CV_HOME   = /opt/api/cbi/tools/bilat_tools_cuda_image_cv
     BILAT_TOOLS_IMAGE_HOME           = /opt/api/cbi/tools/bilat_tools_image
     BILAT_TOOLS_IMAGE_CVHOME         = /opt/api/cbi/tools/bilat_tools_image_cv

[Runtime] : BILAT_CAPTEUR               /opt/api/cbi/capteur

     BILAT_GPHOTO2_HOME               = /opt/api/cbi/capteur/bilat_gphoto2
     BILAT_LASER_HOME                 = /opt/api/cbi/capteur/bilat_laser
     BILAT_LIDAR_HOME                 = /opt/api/cbi/capteur/bilat_lidar
     BILAT_TAU2_HOME                  = /opt/api/cbi/capteur/bilat_tau2
     BILAT_SPEECH_HOME                = /opt/api/cbi/capteur/bilat_speech
     BILAT_GPS_HOME                   = /opt/api/cbi/capteur/bilat_gps
     BILAT_PIPES_HOME                 = /opt/api/cbi/capteur/bilat_pipes

--------------------------------------------------------
[Runtime] : gcc x86 : Ready!
--------------------------------------------------------


g++ (Ubuntu 4.8.4-2ubuntu1~14.04.3) 4.8.4
Copyright (C) 2013 Free Software Foundation, Inc.
This is free software; see the source for copying conditions.  There is NO
warranty; not even for MERCHANTABILITY or FITNESS FOR A PARTICULAR PURPOSE.


nvcc: NVIDIA (R) Cuda compiler driver
Copyright (c) 2005-2016 NVIDIA Corporation
Built on Sun_Sep__4_22:14:01_CDT_2016
Cuda compilation tools, release 8.0, V8.0.44


[CUDA GCC] : jall


==================================================================================
[CBI] -> Target Name  : Tuto_Image_Cuda_cuda_80_x86_64
[CBI] ->
[CBI] -> Build        : /tmp/ramdrive/mse4/Targets/Tuto_Image_Cuda/bin/Tuto_Image_Cuda_cuda_80_x86_64.run
[CBI] -> Deploy       : ../RELEASE/bin
[CBI] ->
[CBI] -> Type	      : EXE
[CBI] -> Arch	      : x86_64
[CBI] -> OS	 		  : Linux
[CBI] -> User	 	  : mse4
[CBI] ->
[CBI] -> Task		  : Compiling-Linking !
==================================================================================

[CBI] -> SRC AUX (Recursif) :
[CBI] ->
[CBI] ->              : /opt/api/ext/cpptest/112/LIB_STATIC/gcc

[CBI] -> CXXFLAGS (Partial) :
[CBI] ->
[CBI] ->              : -fopenmp
[CBI] ->              : -std=c++11
[CBI] ->              : -O3
[CBI] ->              : -frerun-loop-opt
[CBI] ->              : -fomit-frame-pointer

[CBI] -> CXXLDFLAGS (Partial) :
[CBI] ->

[CBI] -> NVCCFLAGS (Partial) :
[CBI] ->
[CBI] ->              : --fmad=true
[CBI] ->              : -arch=sm_52
[CBI] ->              : -m64
[CBI] ->              : -std=c++11
[CBI] ->              : -use_fast_math

[CBI] -> NVCCLDFLAGS (Partial) :
[CBI] ->
[CBI] ->              : -arch=sm_52

[CBI] -> INC_PATH (auto detect):
[CBI] ->              : src/core/01_simple_RGBA_uchar4/01_Vague/01_animable/device/math/
[CBI] ->              : src/core/01_simple_RGBA_uchar4/01_Vague/01_animable/host/
[CBI] ->              : src/core/01_simple_RGBA_uchar4/01_Vague/02_provider/
[CBI] ->              : src/core/01_simple_RGBA_uchar4/02_Damier_Zoomable/01_animable/device/math/
[CBI] ->              : src/core/01_simple_RGBA_uchar4/02_Damier_Zoomable/01_animable/host/
[CBI] ->              : src/core/01_simple_RGBA_uchar4/02_Damier_Zoomable/02_provider/
[CBI] ->              : src/core/02_simple_type/01_Vague_GRAY_uchar/01_animable/device/math/
[CBI] ->              : src/core/02_simple_type/01_Vague_GRAY_uchar/01_animable/host/
[CBI] ->              : src/core/02_simple_type/01_Vague_GRAY_uchar/02_provider/
[CBI] ->              : src/core/02_simple_type/02_Damier_RGBA_float4/01_animable/device/math/
[CBI] ->              : src/core/02_simple_type/02_Damier_RGBA_float4/01_animable/host/
[CBI] ->              : src/core/02_simple_type/02_Damier_RGBA_float4/02_provider/
[CBI] ->              : src/core/02_simple_type/03_Damier_HSBA_float4/01_animable/device/math/
[CBI] ->              : src/core/02_simple_type/03_Damier_HSBA_float4/01_animable/host/
[CBI] ->              : src/core/02_simple_type/03_Damier_HSBA_float4/02_provider/
[CBI] ->              : src/core/02_simple_type/04_Damier_HUE_float/01_animable/device/math/
[CBI] ->              : src/core/02_simple_type/04_Damier_HUE_float/01_animable/host/
[CBI] ->              : src/core/02_simple_type/04_Damier_HUE_float/02_provider/
[CBI] ->              : src/core/03_advanced/01_event/01_image/
[CBI] ->              : src/core/03_advanced/01_event/01_image/listener/key/
[CBI] ->              : src/core/03_advanced/01_event/01_image/listener/mouse/
[CBI] ->              : src/core/03_advanced/01_event/03_provider/
[CBI] ->              : src/core/03_advanced/02_overlay/01_image/
[CBI] ->              : src/core/03_advanced/02_overlay/01_image/graphic2D/
[CBI] ->              : src/core/03_advanced/02_overlay/03_provider/
[CBI] ->              : src/core/03_advanced/03_domaine/01_image/
[CBI] ->              : src/core/03_advanced/03_domaine/01_image/listener/key/
[CBI] ->              : src/core/03_advanced/03_domaine/03_provider/
[CBI] ->              : src/core/03_advanced/04_opengl_pure/01_opengl/
[CBI] ->              : src/core/03_advanced/04_opengl_pure/02_glut/
[CBI] ->              : src/core/03_advanced/04_opengl_pure/03_provider/


[CBI] -> LIB_PATH (auto detect):

[CBI] -> LIB_PATH (auto detect):

[CBI] -> API_INC :
[CBI] ->              : /opt/api/cbi/infographie/fenetrage/206/Bilat_Fenetrage_Displayable/INC
[CBI] ->              : /opt/api/cbi/infographie/fenetrage/206/Bilat_Fenetrage_Displayable/INC/primitives
[CBI] ->              : /opt/api/cbi/infographie/fenetrage/206/Bilat_Fenetrage_Displayable_GL/INC
[CBI] ->              : /opt/api/cbi/infographie/fenetrage/206/Bilat_Fenetrage_Displayable_GL/INC/primitives
[CBI] ->              : /opt/api/cbi/infographie/fenetrage/206/Bilat_Fenetrage_FreeGlut_Tools/INC
[CBI] ->              : /opt/api/cbi/infographie/image/206/Bilat_Image_FreeGlut/INC
[CBI] ->              : /opt/api/cbi/infographie/image/206/Bilat_Image_FreeGlut/INC/common
[CBI] ->              : /opt/api/cbi/infographie/image/206/Bilat_Image_FreeGlut/INC/cpu
[CBI] ->              : /opt/api/cbi/infographie/image/206/Bilat_Image_FreeGlut_Cuda/INC
[CBI] ->              : /opt/api/cbi/infographie/image/206/Bilat_Image_GL/INC
[CBI] ->              : /opt/api/cbi/infographie/image/206/Bilat_Image_GL/INC/common
[CBI] ->              : /opt/api/cbi/infographie/image/206/Bilat_Image_GL/INC/cpu
[CBI] ->              : /opt/api/cbi/infographie/image/206/Bilat_Image_GL_Cuda/INC
[CBI] ->              : /opt/api/cbi/infographie/image/206/Bilat_Image_GL_Cuda/INC/gpu
[CBI] ->              : /opt/api/cbi/infographie/opengl/206/Bilat_OpenGL_Tools/INC
[CBI] ->              : /opt/api/cbi/infographie/tools/206/Bilat_tools_dll/INC
[CBI] ->              : /opt/api/cbi/tools/bilat_tools_cpp/002/INC
[CBI] ->              : /opt/api/cbi/tools/bilat_tools_cpp/002/INC/namespace_cpu
[CBI] ->              : /opt/api/cbi/tools/bilat_tools_cuda/002/INC
[CBI] ->              : /opt/api/cbi/tools/bilat_tools_cuda/002/INC/cudatools
[CBI] ->              : /opt/api/cbi/tools/bilat_tools_cuda/002/INC/cudatools/header
[CBI] ->              : /opt/api/cbi/tools/bilat_tools_cuda/002/INC/cudatools/header/both
[CBI] ->              : /opt/api/cbi/tools/bilat_tools_cuda/002/INC/cudatools/header/device
[CBI] ->              : /opt/api/cbi/tools/bilat_tools_cuda/002/INC/cudatools/header/device/curand
[CBI] ->              : /opt/api/cbi/tools/bilat_tools_cuda/002/INC/cudatools/header/device/reduction
[CBI] ->              : /opt/api/cbi/tools/bilat_tools_cuda/002/INC/cudatools/header/device/synchronisation
[CBI] ->              : /opt/api/cbi/tools/bilat_tools_cuda/002/INC/cudatools/header/host
[CBI] ->              : /opt/api/cbi/tools/bilat_tools_cuda/002/INC/cudatools/header/mixte
[CBI] ->              : /opt/api/cbi/tools/bilat_tools_cuda/002/INC/cudatools/nvidia
[CBI] ->              : /opt/api/cbi/tools/bilat_tools_cuda_image/002/INC
[CBI] ->              : /opt/api/cbi/tools/bilat_tools_cuda_image/002/INC/imp
[CBI] ->              : /opt/api/cbi/tools/bilat_tools_cuda_image/002/INC/imp/01_api_animateur
[CBI] ->              : /opt/api/cbi/tools/bilat_tools_cuda_image/002/INC/imp/02_api_force_brute
[CBI] ->              : /opt/api/cbi/tools/bilat_tools_cuda_image/002/INC/imp/02_api_force_brute/maillage
[CBI] ->              : /opt/api/cbi/tools/bilat_tools_cuda_image/002/INC/imp/03_api_barivox
[CBI] ->              : /opt/api/cbi/tools/bilat_tools_cuda_image/002/INC/imp/api_image_link
[CBI] ->              : /opt/api/cbi/tools/bilat_tools_cuda_image/002/INC/imp/api_viewer
[CBI] ->              : /opt/api/cbi/tools/bilat_tools_cuda_image/002/INC/spec
[CBI] ->              : /opt/api/ext/cpptest/112/INC
[CBI] ->              : /opt/api/ext/cpptest/112/INC/extension
[CBI] ->              : /usr/local/cuda-8.0/include
[CBI] ->              : /usr/local/cuda-8.0/include/CL
[CBI] ->              : /usr/local/cuda-8.0/include/crt

[CBI] -> API_BIN :
[CBI] ->              : /opt/api/cbi/infographie/fenetrage/206/Bilat_Fenetrage_Displayable/BIN/gcc
[CBI] ->              : /opt/api/cbi/infographie/fenetrage/206/Bilat_Fenetrage_Displayable_GL/BIN/gcc
[CBI] ->              : /opt/api/cbi/infographie/fenetrage/206/Bilat_Fenetrage_FreeGlut_Tools/BIN/gcc
[CBI] ->              : /opt/api/cbi/infographie/image/206/Bilat_Image_FreeGlut/BIN/gcc
[CBI] ->              : /opt/api/cbi/infographie/image/206/Bilat_Image_FreeGlut_Cuda/BIN/gcc
[CBI] ->              : /opt/api/cbi/infographie/image/206/Bilat_Image_GL/BIN/gcc
[CBI] ->              : /opt/api/cbi/infographie/image/206/Bilat_Image_GL_Cuda/BIN/gcc
[CBI] ->              : /opt/api/cbi/infographie/opengl/206/Bilat_OpenGL_Tools/BIN/gcc
[CBI] ->              : /opt/api/cbi/tools/bilat_tools_cpp/002/BIN/gcc
[CBI] ->              : /opt/api/cbi/tools/bilat_tools_cuda/002/BIN/gcc
[CBI] ->              : /opt/api/cbi/tools/bilat_tools_cuda_image/002/BIN/gcc
[CBI] ->              : /usr/local/cuda-8.0/lib64
[CBI] ->              : /usr/local/cuda-8.0/lib64/stubs

[CBI] -> API_LIBRARIES_STATIC :
[CBI] ->              : /opt/api/ext/cpptest/112/LIB_STATIC/gcc

[CBI] -> API_LIBRARIES :
[CBI] ->              : BilatTools_CPP_002_gcc_x86_64
[CBI] ->              : BilatTools_Cuda_002_cuda_80_x86_64
[CBI] ->              : BilatTools_Cuda_Image_002_cuda_80_x86_64
[CBI] ->              : Bilat_Fenetrage_Displayable_206_gcc_x86_64
[CBI] ->              : Bilat_Fenetrage_Displayable_GL_206_gcc_x86_64
[CBI] ->              : Bilat_Fenetrage_FreeGlut_Tools_206_gcc_x86_64
[CBI] ->              : Bilat_Image_FreeGlut_206_gcc_x86_64
[CBI] ->              : Bilat_Image_FreeGlut_Cuda_206_cuda_80_x86_64
[CBI] ->              : Bilat_Image_GL_206_gcc_x86_64
[CBI] ->              : Bilat_Image_GL_Cuda_206_cuda_80_x86_64
[CBI] ->              : Bilat_OpenGL_Tools_206_gcc_x86_64
[CBI] ->              : GL
[CBI] ->              : GLEW
[CBI] ->              : GLU
[CBI] ->              : OpenCL
[CBI] ->              : cublas
[CBI] ->              : cuda
[CBI] ->              : cudart
[CBI] ->              : cufft
[CBI] ->              : cufftw
[CBI] ->              : cuinj64
[CBI] ->              : curand
[CBI] ->              : cusolver
[CBI] ->              : cusparse
[CBI] ->              : glut
[CBI] ->              : nppc
[CBI] ->              : nppi
[CBI] ->              : nppial
[CBI] ->              : nppicc
[CBI] ->              : nppicom
[CBI] ->              : nppidei
[CBI] ->              : nppif
[CBI] ->              : nppig
[CBI] ->              : nppim
[CBI] ->              : nppist
[CBI] ->              : nppisu
[CBI] ->              : nppitc
[CBI] ->              : npps
[CBI] ->              : nvToolsExt
[CBI] ->              : nvblas
[CBI] ->              : nvgraph
[CBI] ->              : nvidia-ml
[CBI] ->              : nvrtc
[CBI] ->              : nvrtc-builtins

[CBI] -> Create folder : /tmp/ramdrive/mse4/Targets/Tuto_Image_Cuda/bin
[CBI] -> Create folder : /tmp/ramdrive/mse4/Targets/Tuto_Image_Cuda/obj
[CBI] -> Create folder : /tmp/ramdrive/mse4/Targets/Tuto_Image_Cuda/cubin

[CBI] -> Compilation parallel (32 threads)

[Tuto_Image_Cuda_cuda_80_x86_64] -> g++ compiling .cpp : src/main.cpp
[Tuto_Image_Cuda_cuda_80_x86_64] -> g++ compiling .cpp : src/core/mainAnimable.cpp
[Tuto_Image_Cuda_cuda_80_x86_64] -> g++ compiling .cpp : src/core/mainBarivox.cpp
[Tuto_Image_Cuda_cuda_80_x86_64] -> g++ compiling .cpp : src/core/mainBruteForce.cpp
[Tuto_Image_Cuda_cuda_80_x86_64] -> g++ compiling .cpp : src/core/mainImage.cpp
[Tuto_Image_Cuda_cuda_80_x86_64] -> g++ compiling .cpp : src/core/03_advanced/03_domaine/03_provider/DomaineProvider.cpp
[Tuto_Image_Cuda_cuda_80_x86_64] -> g++ compiling .cpp : src/core/03_advanced/03_domaine/01_image/ImageCustomDomaine.cpp
[Tuto_Image_Cuda_cuda_80_x86_64] -> g++ compiling .cpp : src/core/03_advanced/03_domaine/01_image/listener/key/DomaineKeyListener.cpp
[Tuto_Image_Cuda_cuda_80_x86_64] -> g++ compiling .cpp : src/core/03_advanced/02_overlay/03_provider/OverlayProvider.cpp
[Tuto_Image_Cuda_cuda_80_x86_64] -> g++ compiling .cpp : src/core/03_advanced/02_overlay/01_image/ImageCustomOverlay.cpp
[Tuto_Image_Cuda_cuda_80_x86_64] -> g++ compiling .cpp : src/core/03_advanced/02_overlay/01_image/graphic2D/Drawer2D.cpp
[Tuto_Image_Cuda_cuda_80_x86_64] -> g++ compiling .cpp : src/core/03_advanced/01_event/03_provider/EventProvider.cpp
[Tuto_Image_Cuda_cuda_80_x86_64] -> g++ compiling .cpp : src/core/03_advanced/01_event/01_image/ImageCustomEvent.cpp
[Tuto_Image_Cuda_cuda_80_x86_64] -> g++ compiling .cpp : src/core/03_advanced/01_event/01_image/listener/key/SimpleKeyListener.cpp
[Tuto_Image_Cuda_cuda_80_x86_64] -> g++ compiling .cpp : src/core/03_advanced/01_event/01_image/listener/mouse/SimpleMouseListener.cpp
[Tuto_Image_Cuda_cuda_80_x86_64] -> g++ compiling .cpp : src/core/03_advanced/04_opengl_pure/01_opengl/MyDisplayable.cpp
[Tuto_Image_Cuda_cuda_80_x86_64] -> g++ compiling .cpp : src/core/03_advanced/04_opengl_pure/02_glut/MyGLUTWindow.cpp
[Tuto_Image_Cuda_cuda_80_x86_64] -> g++ compiling .cpp : src/core/03_advanced/04_opengl_pure/03_provider/MyDisplayableProvider.cpp
[Tuto_Image_Cuda_cuda_80_x86_64] -> g++ compiling .cpp : src/core/01_simple_RGBA_uchar4/01_Vague/02_provider/VagueProvider.cpp
[Tuto_Image_Cuda_cuda_80_x86_64] -> g++ compiling .cpp : src/core/01_simple_RGBA_uchar4/02_Damier_Zoomable/02_provider/DamierProvider.cpp
[Tuto_Image_Cuda_cuda_80_x86_64] -> g++ compiling .cpp : src/core/02_simple_type/04_Damier_HUE_float/02_provider/DamierHueFloatProvider.cpp
[Tuto_Image_Cuda_cuda_80_x86_64] -> g++ compiling .cpp : src/core/02_simple_type/01_Vague_GRAY_uchar/02_provider/VagueGrayProvider.cpp
[Tuto_Image_Cuda_cuda_80_x86_64] -> g++ compiling .cpp : src/core/02_simple_type/02_Damier_RGBA_float4/02_provider/DamierRGBAFloatProvider.cpp
[Tuto_Image_Cuda_cuda_80_x86_64] -> g++ compiling .cpp : src/core/02_simple_type/03_Damier_HSBA_float4/02_provider/DamierHSBAFloatProvider.cpp
[Tuto_Image_Cuda_cuda_80_x86_64] -> nvcc compiling .cu : src/core/01_simple_RGBA_uchar4/01_Vague/01_animable/device/vagueDevice.cu
[Tuto_Image_Cuda_cuda_80_x86_64] -> nvcc compiling .cu : src/core/01_simple_RGBA_uchar4/01_Vague/01_animable/host/Vague.cu
[Tuto_Image_Cuda_cuda_80_x86_64] -> nvcc compiling .cu : src/core/01_simple_RGBA_uchar4/02_Damier_Zoomable/01_animable/device/damierDevice.cu
[Tuto_Image_Cuda_cuda_80_x86_64] -> nvcc compiling .cu : src/core/01_simple_RGBA_uchar4/02_Damier_Zoomable/01_animable/host/Damier.cu
[Tuto_Image_Cuda_cuda_80_x86_64] -> nvcc compiling .cu : src/core/02_simple_type/04_Damier_HUE_float/01_animable/device/damierHueFloatDevice.cu
[Tuto_Image_Cuda_cuda_80_x86_64] -> nvcc compiling .cu : src/core/02_simple_type/04_Damier_HUE_float/01_animable/host/DamierHueFloat.cu
[Tuto_Image_Cuda_cuda_80_x86_64] -> nvcc compiling .cu : src/core/02_simple_type/01_Vague_GRAY_uchar/01_animable/device/vagueGrayDevice.cu
[Tuto_Image_Cuda_cuda_80_x86_64] -> nvcc compiling .cu : src/core/02_simple_type/01_Vague_GRAY_uchar/01_animable/host/VagueGray.cu
[Tuto_Image_Cuda_cuda_80_x86_64] -> nvcc compiling .cu : src/core/02_simple_type/02_Damier_RGBA_float4/01_animable/device/damierRGBAFloatDevice.cu
[Tuto_Image_Cuda_cuda_80_x86_64] -> nvcc compiling .cu : src/core/02_simple_type/02_Damier_RGBA_float4/01_animable/host/DamierRGBAFloat.cu
[Tuto_Image_Cuda_cuda_80_x86_64] -> nvcc compiling .cu : src/core/02_simple_type/03_Damier_HSBA_float4/01_animable/device/damierHSBAFloatDevice.cu
[Tuto_Image_Cuda_cuda_80_x86_64] -> nvcc compiling .cu : src/core/02_simple_type/03_Damier_HSBA_float4/01_animable/host/DamierHSBAFloat.cu

[CBI] -> Linking to   : /tmp/ramdrive/mse4/Targets/Tuto_Image_Cuda/bin/Tuto_Image_Cuda_cuda_80_x86_64.run

[CBI] -> Library Link :
[CBI] ->
[CBI] ->              : -lBilatTools_CPP_002_gcc_x86_64
[CBI] ->              : -lBilatTools_Cuda_002_cuda_80_x86_64
[CBI] ->              : -lBilatTools_Cuda_Image_002_cuda_80_x86_64
[CBI] ->              : -lBilat_Fenetrage_Displayable_206_gcc_x86_64
[CBI] ->              : -lBilat_Fenetrage_Displayable_GL_206_gcc_x86_64
[CBI] ->              : -lBilat_Fenetrage_FreeGlut_Tools_206_gcc_x86_64
[CBI] ->              : -lBilat_Image_FreeGlut_206_gcc_x86_64
[CBI] ->              : -lBilat_Image_FreeGlut_Cuda_206_cuda_80_x86_64
[CBI] ->              : -lBilat_Image_GL_206_gcc_x86_64
[CBI] ->              : -lBilat_Image_GL_Cuda_206_cuda_80_x86_64
[CBI] ->              : -lBilat_OpenGL_Tools_206_gcc_x86_64
[CBI] ->              : -lCpp_Test_112_gcc_x86_64
[CBI] ->              : -lGL
[CBI] ->              : -lGLEW
[CBI] ->              : -lGLU
[CBI] ->              : -lOpenCL
[CBI] ->              : -lcublas
[CBI] ->              : -lcuda
[CBI] ->              : -lcudart
[CBI] ->              : -lcufft
[CBI] ->              : -lcufftw
[CBI] ->              : -lcuinj64
[CBI] ->              : -lcurand
[CBI] ->              : -lcusolver
[CBI] ->              : -lcusparse
[CBI] ->              : -lglut
[CBI] ->              : -lgomp
[CBI] ->              : -lnppc
[CBI] ->              : -lnppi
[CBI] ->              : -lnppial
[CBI] ->              : -lnppicc
[CBI] ->              : -lnppicom
[CBI] ->              : -lnppidei
[CBI] ->              : -lnppif
[CBI] ->              : -lnppig
[CBI] ->              : -lnppim
[CBI] ->              : -lnppist
[CBI] ->              : -lnppisu
[CBI] ->              : -lnppitc
[CBI] ->              : -lnpps
[CBI] ->              : -lnvToolsExt
[CBI] ->              : -lnvblas
[CBI] ->              : -lnvgraph
[CBI] ->              : -lnvidia-ml
[CBI] ->              : -lnvrtc
[CBI] ->              : -lnvrtc-builtins


==================================================================================
[CBI] -> Target Name  : Tuto_Image_Cuda_cuda_80_x86_64
[CBI] -> Location     : /tmp/ramdrive/mse4/Targets/Tuto_Image_Cuda/bin/Tuto_Image_Cuda_cuda_80_x86_64.run
[CBI] -> Deploy 	  : ../RELEASE/bin
[CBI] ->
[CBI] -> Type	 	  : EXE
[CBI] -> Arch	 	  : x86_64
[CBI] -> OS	 	      : Linux
[CBI] -> User	 	  : mse4
[CBI] ->
[CBI] -> Compilateur  : g++ && nvcc
[CBI] -> Task		  : End Compiling-Linking !
[CBI] -> Time		  : 3 (s)
==================================================================================


[CBI] -> Deploying      : ../RELEASE/bin/Tuto_Image_Cuda_cuda_80_x86_64.run

[CBI] -> Symlink Project Inc
[CBI] -> To update code completion : ctrl-shift-s   or   gui/index/rebuild



[CBI] -> Tuto_Image_Cuda_cuda_80_x86_64 : End ALL!


12:11:21 Build Finished (took 4s.441ms)

