16:47:07 **** Incremental Build of configuration GCC_parallel for project Tuto_Graphe_GL ****
cbicc gcc jall 

--------------------------------------------------------
[Runtime] : gcc x86
--------------------------------------------------------


[cuda]        : /usr/local

[jni]         : /usr/lib/jvm

[X11]         : /usr/include/X11

[MKL]         : /opt/intel/mkl

[boost]       : /opt/api/ext/boost

[opencv]      : /opt/api/ext/opencv

[cpptest]     : /opt/api/ext/cpptest

[gphoto2]     : /opt/api/ext/gphoto2

[urg]         : /opt/api/ext/urg

[wic]         : /opt/api/ext/wic 

[pleora]      : /opt/api/ext/pleora

[Runtime] : BILAT_INFOGRAPHIE           /opt/api/cbi/infographie

     BILAT_TOOLS_JST_HOME             = /opt/api/cbi/infographie/tools
     BILAT_OPENGL_HOME                = /opt/api/cbi/infographie/opengl
     BILAT_FENETRAGE_HOME             = /opt/api/cbi/infographie/fenetrage
     BILAT_IMAGE_HOME                 = /opt/api/cbi/infographie/image
     BILAT_SURFACE_HOME               = /opt/api/cbi/infographie/surface

[Runtime] : BILAT_TOOLS                 /opt/api/cbi/tools

     BILAT_TOOLS_CPP_HOME             = /opt/api/cbi/tools/bilat_tools_cpp
     BILAT_TOOLS_OMP_HOME             = /opt/api/cbi/tools/bilat_tools_omp
     BILAT_TOOLS_CUDA_HOME            = /opt/api/cbi/tools/bilat_tools_cuda
     BILAT_TOOLS_MKL_HOME             = /opt/api/cbi/tools/bilat_tools_mkl
     BILAT_TOOLS_OPENCV_HOME          = /opt/api/cbi/tools/bilat_tools_opencv
     BILAT_TOOLS_V4L_HOME             = /opt/api/cbi/tools/bilat_tools_v4l
     BILAT_TOOLS_CUDA_IMAGE_HOME      = /opt/api/cbi/tools/bilat_tools_cuda_image
     BILAT_TOOLS_CUDA_IMAGE_CV_HOME   = /opt/api/cbi/tools/bilat_tools_cuda_image_cv
     BILAT_TOOLS_IMAGE_HOME           = /opt/api/cbi/tools/bilat_tools_image
     BILAT_TOOLS_IMAGE_CVHOME         = /opt/api/cbi/tools/bilat_tools_image_cv

[Runtime] : BILAT_CAPTEUR               /opt/api/cbi/capteur

     BILAT_GPHOTO2_HOME               = /opt/api/cbi/capteur/bilat_gphoto2
     BILAT_LASER_HOME                 = /opt/api/cbi/capteur/bilat_laser
     BILAT_LIDAR_HOME                 = /opt/api/cbi/capteur/bilat_lidar
     BILAT_TAU2_HOME                  = /opt/api/cbi/capteur/bilat_tau2

--------------------------------------------------------
[Runtime] : gcc x86 : Ready!
--------------------------------------------------------


g++ (Ubuntu 4.8.4-2ubuntu1~14.04.3) 4.8.4
Copyright (C) 2013 Free Software Foundation, Inc.
This is free software; see the source for copying conditions.  There is NO
warranty; not even for MERCHANTABILITY or FITNESS FOR A PARTICULAR PURPOSE.


[Make] : GCC : jall

==================================================================================
[CBI] -> Target Name  : Tuto_Graphe_gcc_x86_64
[CBI] ->
[CBI] -> Build     	  : /tmp/ramdrive/bilat/Targets/Tuto_Graphe/bin/Tuto_Graphe_gcc_x86_64.run
[CBI] -> Deploy       : ../RELEASE/bin
[CBI] ->
[CBI] -> Type	 	  : EXE
[CBI] -> Arch	 	  : x86_64
[CBI] -> OS	 		  : Linux
[CBI] -> User	 	  : bilat
[CBI] ->
[CBI] -> Task		  : Compiling-Linking
==================================================================================

[CBI] -> SRC AUX (Recursif) :
[CBI] ->

[CBI] -> CXXFLAGS (Partial) :
[CBI] ->
[CBI] ->              : -DCBI_GRAPH_DLL
[CBI] ->              : -O3
[CBI] ->              : -fomit-frame-pointer
[CBI] ->              : -fopenmp
[CBI] ->              : -frerun-loop-opt
[CBI] ->              : -march=native
[CBI] ->              : -std=c++11

[CBI] -> LDFLAGS (Partial) :
[CBI] ->

[CBI] -> INC_PATH (auto detect):
[CBI] ->              : src/exemples/00_tools/
[CBI] ->              : src/exemples/01_static/01_discret_curve/01_graphe/
[CBI] ->              : src/exemples/01_static/01_discret_curve/02_glut/
[CBI] ->              : src/exemples/01_static/02_analytique_curve/01_graphe/
[CBI] ->              : src/exemples/01_static/02_analytique_curve/01_graphe/curve/
[CBI] ->              : src/exemples/01_static/02_analytique_curve/02_glut/
[CBI] ->              : src/exemples/01_static/03_lignes/01_graphe/
[CBI] ->              : src/exemples/01_static/03_lignes/02_glut/
[CBI] ->              : src/exemples/01_static/04_polylines/01_graphe/
[CBI] ->              : src/exemples/01_static/04_polylines/02_glut/
[CBI] ->              : src/exemples/01_static/05_nuage_points/01_graphe/
[CBI] ->              : src/exemples/01_static/05_nuage_points/02_glut/
[CBI] ->              : src/exemples/01_static/06_histogram/01_graphe/
[CBI] ->              : src/exemples/01_static/06_histogram/02_glut/
[CBI] ->              : src/exemples/01_static/07_histogram_density/01_graphe/
[CBI] ->              : src/exemples/01_static/07_histogram_density/01_graphe/curve/
[CBI] ->              : src/exemples/01_static/07_histogram_density/02_glut/
[CBI] ->              : src/exemples/01_static/08_parametric_curve/01_graphe/
[CBI] ->              : src/exemples/01_static/08_parametric_curve/01_graphe/curve/
[CBI] ->              : src/exemples/01_static/08_parametric_curve/02_glut/
[CBI] ->              : src/exemples/02_animation/02_animated_MultiThread/02_glut_tools/
[CBI] ->              : src/exemples/02_animation/02_animated_MultiThread/03_glut/
[CBI] ->              : src/exemples/02_animation/03_animation_Manuel/02_glut/

[CBI] -> LIB_PATH (auto detect):

[CBI] -> API_INC :
[CBI] ->              : /opt/api/cbi/infographie/fenetrage/206/Bilat_Fenetrage_Displayable/INC
[CBI] ->              : /opt/api/cbi/infographie/fenetrage/206/Bilat_Fenetrage_Displayable/INC/primitives
[CBI] ->              : /opt/api/cbi/infographie/fenetrage/206/Bilat_Fenetrage_FreeGlut_Tools/INC
[CBI] ->              : /opt/api/cbi/infographie/graph2d/206/Bilat_Graph2D_FreeGlut/INC
[CBI] ->              : /opt/api/cbi/infographie/graph2d/206/Bilat_Graph2D_FreeGlut/INC/freeglut
[CBI] ->              : /opt/api/cbi/infographie/graph2d/206/Bilat_Graph2D_GL/INC
[CBI] ->              : /opt/api/cbi/infographie/graph2d/206/Bilat_Graph2D_GL/INC/model
[CBI] ->              : /opt/api/cbi/infographie/graph2d/206/Bilat_Graph2D_GL/INC/view
[CBI] ->              : /opt/api/cbi/infographie/opengl/206/Bilat_OpenGL_Tools/INC
[CBI] ->              : /opt/api/cbi/infographie/tools/206/Bilat_tools_dll/INC
[CBI] ->              : /opt/api/ext/boost/1610/include
[CBI] ->              : /opt/api/ext/boost/1610/include/boost

[CBI] -> API_BIN :
[CBI] ->              : /opt/api/cbi/infographie/fenetrage/206/Bilat_Fenetrage_Displayable/BIN/gcc
[CBI] ->              : /opt/api/cbi/infographie/fenetrage/206/Bilat_Fenetrage_FreeGlut_Tools/BIN/gcc
[CBI] ->              : /opt/api/cbi/infographie/graph2d/206/Bilat_Graph2D_FreeGlut/BIN/gcc
[CBI] ->              : /opt/api/cbi/infographie/graph2d/206/Bilat_Graph2D_GL/BIN/gcc
[CBI] ->              : /opt/api/cbi/infographie/opengl/206/Bilat_OpenGL_Tools/BIN/gcc
[CBI] ->              : /opt/api/ext/boost/1610/lib
[CBI] ->              : /opt/api/ext/boost/1610/lib/gcc
[CBI] ->              : /opt/api/ext/boost/1610/lib/icc

[CBI] -> API_LIBRARIES_STATIC :

[CBI] -> API_LIBRARIES :
[CBI] ->              : Bilat_Fenetrage_Displayable_206_gcc_x86_64
[CBI] ->              : Bilat_Fenetrage_FreeGlut_Tools_206_gcc_x86_64
[CBI] ->              : Bilat_Graph2D_Freeglut_206_gcc_x86_64
[CBI] ->              : Bilat_Graph2D_GL_206_gcc_x86_64
[CBI] ->              : Bilat_OpenGL_Tools_206_gcc_x86_64
[CBI] ->              : GL
[CBI] ->              : GLEW
[CBI] ->              : GLU
[CBI] ->              : boost_atomic-gcc484
[CBI] ->              : boost_atomic-icc17
[CBI] ->              : boost_chrono-gcc484
[CBI] ->              : boost_chrono-icc17
[CBI] ->              : boost_container-gcc484
[CBI] ->              : boost_container-icc17
[CBI] ->              : boost_date_time-gcc484
[CBI] ->              : boost_date_time-icc17
[CBI] ->              : boost_filesystem-gcc484
[CBI] ->              : boost_filesystem-icc17
[CBI] ->              : boost_graph-gcc484
[CBI] ->              : boost_graph-icc17
[CBI] ->              : boost_locale-gcc484
[CBI] ->              : boost_locale-icc17
[CBI] ->              : boost_log-gcc484
[CBI] ->              : boost_log-icc17
[CBI] ->              : boost_log_setup-gcc484
[CBI] ->              : boost_log_setup-icc17
[CBI] ->              : boost_math_c99-gcc484
[CBI] ->              : boost_math_c99-icc17
[CBI] ->              : boost_math_c99f-gcc484
[CBI] ->              : boost_math_c99f-icc17
[CBI] ->              : boost_math_c99l-gcc484
[CBI] ->              : boost_math_c99l-icc17
[CBI] ->              : boost_math_tr1-gcc484
[CBI] ->              : boost_math_tr1-icc17
[CBI] ->              : boost_math_tr1f-gcc484
[CBI] ->              : boost_math_tr1f-icc17
[CBI] ->              : boost_math_tr1l-gcc484
[CBI] ->              : boost_math_tr1l-icc17
[CBI] ->              : boost_prg_exec_monitor-gcc484
[CBI] ->              : boost_prg_exec_monitor-icc17
[CBI] ->              : boost_program_options-gcc484
[CBI] ->              : boost_program_options-icc17
[CBI] ->              : boost_random-gcc484
[CBI] ->              : boost_random-icc17
[CBI] ->              : boost_regex-gcc484
[CBI] ->              : boost_regex-icc17
[CBI] ->              : boost_serialization-gcc484
[CBI] ->              : boost_serialization-icc17
[CBI] ->              : boost_signals-gcc484
[CBI] ->              : boost_signals-icc17
[CBI] ->              : boost_system-gcc484
[CBI] ->              : boost_system-icc17
[CBI] ->              : boost_thread-gcc484
[CBI] ->              : boost_thread-icc17
[CBI] ->              : boost_timer-gcc484
[CBI] ->              : boost_timer-icc17
[CBI] ->              : boost_type_erasure-gcc484
[CBI] ->              : boost_type_erasure-icc17
[CBI] ->              : boost_unit_test_framework-gcc484
[CBI] ->              : boost_unit_test_framework-icc17
[CBI] ->              : boost_wave-gcc484
[CBI] ->              : boost_wave-icc17
[CBI] ->              : boost_wserialization-gcc484
[CBI] ->              : boost_wserialization-icc17
[CBI] ->              : glut

[CBI] -> Create folder : /tmp/ramdrive/bilat/Targets/Tuto_Graphe/bin
[CBI] -> Create folder : /tmp/ramdrive/bilat/Targets/Tuto_Graphe/obj

[CBI] -> Compilation parallel (32 threads)

[Tuto_Graphe_gcc_x86_64] -> g++ compiling .cpp : src/main.cpp
[Tuto_Graphe_gcc_x86_64] -> g++ compiling .cpp : src/exemples/02_animation/03_animation_Manuel/02_glut/AnimateManuelGlut.cpp
[Tuto_Graphe_gcc_x86_64] -> g++ compiling .cpp : src/exemples/02_animation/02_animated_MultiThread/02_glut_tools/GLUTMultithreadWindow.cpp
[Tuto_Graphe_gcc_x86_64] -> g++ compiling .cpp : src/exemples/02_animation/02_animated_MultiThread/03_glut/SinusAnimatedGlut.cpp
[Tuto_Graphe_gcc_x86_64] -> g++ compiling .cpp : src/exemples/01_static/02_analytique_curve/01_graphe/SinusGraphe.cpp
[Tuto_Graphe_gcc_x86_64] -> g++ compiling .cpp : src/exemples/01_static/02_analytique_curve/02_glut/SinusGlut.cpp
[Tuto_Graphe_gcc_x86_64] -> g++ compiling .cpp : src/exemples/01_static/07_histogram_density/01_graphe/HistoAdjustGraphe.cpp
[Tuto_Graphe_gcc_x86_64] -> g++ compiling .cpp : src/exemples/01_static/07_histogram_density/01_graphe/curve/GaussCurve.cpp
[Tuto_Graphe_gcc_x86_64] -> g++ compiling .cpp : src/exemples/01_static/07_histogram_density/02_glut/HistoAdjustGlut.cpp
[Tuto_Graphe_gcc_x86_64] -> g++ compiling .cpp : src/exemples/01_static/05_nuage_points/01_graphe/NuagesPointsGraphe.cpp
[Tuto_Graphe_gcc_x86_64] -> g++ compiling .cpp : src/exemples/01_static/05_nuage_points/02_glut/NuagePointGlut.cpp
[Tuto_Graphe_gcc_x86_64] -> g++ compiling .cpp : src/exemples/01_static/08_parametric_curve/01_graphe/SpiraleGraphe.cpp
[Tuto_Graphe_gcc_x86_64] -> g++ compiling .cpp : src/exemples/01_static/08_parametric_curve/01_graphe/curve/SpiraleCurve.cpp
[Tuto_Graphe_gcc_x86_64] -> g++ compiling .cpp : src/exemples/01_static/08_parametric_curve/02_glut/SpiraleGlut.cpp
[Tuto_Graphe_gcc_x86_64] -> g++ compiling .cpp : src/exemples/01_static/03_lignes/01_graphe/LinesGraphe.cpp
[Tuto_Graphe_gcc_x86_64] -> g++ compiling .cpp : src/exemples/01_static/03_lignes/02_glut/LinesGlut.cpp
[Tuto_Graphe_gcc_x86_64] -> g++ compiling .cpp : src/exemples/01_static/06_histogram/01_graphe/HistoGraphe.cpp
[Tuto_Graphe_gcc_x86_64] -> g++ compiling .cpp : src/exemples/01_static/06_histogram/02_glut/HistoGlut.cpp
[Tuto_Graphe_gcc_x86_64] -> g++ compiling .cpp : src/exemples/01_static/04_polylines/01_graphe/PolylinesGraphe.cpp
[Tuto_Graphe_gcc_x86_64] -> g++ compiling .cpp : src/exemples/01_static/04_polylines/02_glut/PolyligneGlut.cpp
[Tuto_Graphe_gcc_x86_64] -> g++ compiling .cpp : src/exemples/01_static/01_discret_curve/01_graphe/DiscretCurveGraph.cpp
[Tuto_Graphe_gcc_x86_64] -> g++ compiling .cpp : src/exemples/01_static/01_discret_curve/02_glut/DiscretCurveGlut.cpp

[CBI] -> Linking to   : /tmp/ramdrive/bilat/Targets/Tuto_Graphe/bin/Tuto_Graphe_gcc_x86_64.run

[CBI] -> Library Link :
[CBI] ->              : -lBilat_Fenetrage_Displayable_206_gcc_x86_64
[CBI] ->              : -lBilat_Fenetrage_FreeGlut_Tools_206_gcc_x86_64
[CBI] ->              : -lBilat_Graph2D_Freeglut_206_gcc_x86_64
[CBI] ->              : -lBilat_Graph2D_GL_206_gcc_x86_64
[CBI] ->              : -lBilat_OpenGL_Tools_206_gcc_x86_64
[CBI] ->              : -lGL
[CBI] ->              : -lGLEW
[CBI] ->              : -lGLU
[CBI] ->              : -lboost_atomic-gcc484
[CBI] ->              : -lboost_atomic-icc17
[CBI] ->              : -lboost_chrono-gcc484
[CBI] ->              : -lboost_chrono-icc17
[CBI] ->              : -lboost_container-gcc484
[CBI] ->              : -lboost_container-icc17
[CBI] ->              : -lboost_date_time-gcc484
[CBI] ->              : -lboost_date_time-icc17
[CBI] ->              : -lboost_filesystem-gcc484
[CBI] ->              : -lboost_filesystem-icc17
[CBI] ->              : -lboost_graph-gcc484
[CBI] ->              : -lboost_graph-icc17
[CBI] ->              : -lboost_locale-gcc484
[CBI] ->              : -lboost_locale-icc17
[CBI] ->              : -lboost_log-gcc484
[CBI] ->              : -lboost_log-icc17
[CBI] ->              : -lboost_log_setup-gcc484
[CBI] ->              : -lboost_log_setup-icc17
[CBI] ->              : -lboost_math_c99-gcc484
[CBI] ->              : -lboost_math_c99-icc17
[CBI] ->              : -lboost_math_c99f-gcc484
[CBI] ->              : -lboost_math_c99f-icc17
[CBI] ->              : -lboost_math_c99l-gcc484
[CBI] ->              : -lboost_math_c99l-icc17
[CBI] ->              : -lboost_math_tr1-gcc484
[CBI] ->              : -lboost_math_tr1-icc17
[CBI] ->              : -lboost_math_tr1f-gcc484
[CBI] ->              : -lboost_math_tr1f-icc17
[CBI] ->              : -lboost_math_tr1l-gcc484
[CBI] ->              : -lboost_math_tr1l-icc17
[CBI] ->              : -lboost_prg_exec_monitor-gcc484
[CBI] ->              : -lboost_prg_exec_monitor-icc17
[CBI] ->              : -lboost_program_options-gcc484
[CBI] ->              : -lboost_program_options-icc17
[CBI] ->              : -lboost_random-gcc484
[CBI] ->              : -lboost_random-icc17
[CBI] ->              : -lboost_regex-gcc484
[CBI] ->              : -lboost_regex-icc17
[CBI] ->              : -lboost_serialization-gcc484
[CBI] ->              : -lboost_serialization-icc17
[CBI] ->              : -lboost_signals-gcc484
[CBI] ->              : -lboost_signals-icc17
[CBI] ->              : -lboost_system-gcc484
[CBI] ->              : -lboost_system-icc17
[CBI] ->              : -lboost_thread-gcc484
[CBI] ->              : -lboost_thread-icc17
[CBI] ->              : -lboost_timer-gcc484
[CBI] ->              : -lboost_timer-icc17
[CBI] ->              : -lboost_type_erasure-gcc484
[CBI] ->              : -lboost_type_erasure-icc17
[CBI] ->              : -lboost_unit_test_framework-gcc484
[CBI] ->              : -lboost_unit_test_framework-icc17
[CBI] ->              : -lboost_wave-gcc484
[CBI] ->              : -lboost_wave-icc17
[CBI] ->              : -lboost_wserialization-gcc484
[CBI] ->              : -lboost_wserialization-icc17
[CBI] ->              : -lglut
[CBI] ->              : -lgomp

==================================================================================
[CBI] -> Target Name  : Tuto_Graphe_gcc_x86_64
[CBI] -> Location     : /tmp/ramdrive/bilat/Targets/Tuto_Graphe/bin/Tuto_Graphe_gcc_x86_64.run
[CBI] -> Deploy 	  : ../RELEASE/bin
[CBI] ->
[CBI] -> Type	 	  : EXE
[CBI] -> Arch	 	  : x86_64
[CBI] -> OS	 		  : Linux
[CBI] -> User	 	  : bilat
[CBI] ->
[CBI] -> Compilateur  : g++
[CBI] -> Task	      : End Compiling-Linking !
[CBI] -> Time		  : 4 (s)
==================================================================================


[CBI] -> Symlink Project Inc
[CBI] -> To update code completion : ctrl-shift-s   or   gui/index/rebuild



[CBI] -> Deploying    : ../RELEASE/bin/Tuto_Graphe_gcc_x86_64.run

[CBI] -> Tuto_Graphe_gcc_x86_64 : End ALL!


16:47:11 Build Finished (took 4s.527ms)

